Dataset/Injected-Faults/OwnTracks/OwnTracks-Defeito-1/project/app/build/intermediates/manifest_merge_blame_file/debug/manifest-merger-blame-debug-report.txt
1<?xml version="1.0" encoding="utf-8"?>
2<manifest xmlns:android="http://schemas.android.com/apk/res/android"
3    package="org.owntracks.android.debug"
4    android:versionCode="23000"
5    android:versionName="2.3.0" >
6
7    <uses-sdk
8        android:minSdkVersion="21"
8-->src/main/AndroidManifest.xml
9        android:targetSdkVersion="30" />
9-->src/main/AndroidManifest.xml
10
11    <uses-feature
11-->src/main/AndroidManifest.xml:6:5-8:35
12        android:glEsVersion="0x00020000"
12-->src/main/AndroidManifest.xml:7:9-41
13        android:required="true" />
13-->src/main/AndroidManifest.xml:8:9-32
14    <uses-feature
14-->src/main/AndroidManifest.xml:10:5-13:54
15        android:name="android.hardware.location.gps"
15-->src/main/AndroidManifest.xml:11:9-53
16        android:required="true" />
16-->src/main/AndroidManifest.xml:12:9-32
17
18    <uses-permission android:name="android.permission.INTERNET" />
18-->src/main/AndroidManifest.xml:15:5-67
18-->src/main/AndroidManifest.xml:15:22-64
19    <!-- To access the network -->
20    <uses-permission android:name="android.permission.ACCESS_NETWORK_STATE" />
20-->src/main/AndroidManifest.xml:17:5-79
20-->src/main/AndroidManifest.xml:17:22-76
21    <!-- To handle connectivity changes and reconnect -->
22    <uses-permission android:name="android.permission.WAKE_LOCK" />
22-->src/main/AndroidManifest.xml:19:5-68
22-->src/main/AndroidManifest.xml:19:22-65
23    <!-- To prevent the device from sleeping while handling MQTT traffic -->
24    <uses-permission android:name="android.permission.RECEIVE_BOOT_COMPLETED" />
24-->src/main/AndroidManifest.xml:21:5-81
24-->src/main/AndroidManifest.xml:21:22-78
25    <!-- To autostart the app once the device boots -->
26    <uses-permission android:name="android.permission.READ_EXTERNAL_STORAGE" />
26-->src/main/AndroidManifest.xml:23:5-80
26-->src/main/AndroidManifest.xml:23:22-77
27    <!-- Not actively requested. Has to be enabled manually. Access to broker certificates in private storage on older APIs or on devices not providing files through content:// URIs -->
28
29
30    <!-- To locate the device -->
31    <uses-permission android:name="android.permission.ACCESS_FINE_LOCATION" />
31-->src/main/AndroidManifest.xml:27:5-79
31-->src/main/AndroidManifest.xml:27:22-76
32
33    <!-- To access Google Play Services -->
34    <uses-permission android:name="com.google.android.providers.gsf.permission.READ_GSERVICES" />
34-->src/main/AndroidManifest.xml:30:5-98
34-->src/main/AndroidManifest.xml:30:22-95
35
36    <!-- API v28 requires this for foreground services -->
37    <uses-permission android:name="android.permission.FOREGROUND_SERVICE" />
37-->src/main/AndroidManifest.xml:33:5-77
37-->src/main/AndroidManifest.xml:33:22-74
38    <uses-permission android:name="android.permission.BLUETOOTH" />
38-->src/main/AndroidManifest.xml:35:5-67
38-->src/main/AndroidManifest.xml:35:22-65
39    <uses-permission android:name="android.permission.BLUETOOTH_ADMIN" />
39-->src/main/AndroidManifest.xml:36:5-73
39-->src/main/AndroidManifest.xml:36:22-71
40    <uses-permission android:name="android.permission.ACCESS_WIFI_STATE" />
40-->src/main/AndroidManifest.xml:37:5-75
40-->src/main/AndroidManifest.xml:37:22-73
41
42    <application
42-->src/main/AndroidManifest.xml:39:5-258:19
43        android:name="org.owntracks.android.App"
43-->src/main/AndroidManifest.xml:40:9-28
44        android:allowBackup="true"
44-->src/main/AndroidManifest.xml:41:9-35
45        android:appComponentFactory="androidx.core.app.CoreComponentFactory"
45-->[androidx.core:core:1.3.2] AndroidManifest.xml:24:18-86
46        android:debuggable="true"
47        android:extractNativeLibs="false"
47-->src/main/AndroidManifest.xml:42:9-42
48        android:fullBackupContent="@xml/backup_descriptor"
48-->src/main/AndroidManifest.xml:43:9-59
49        android:hardwareAccelerated="true"
49-->src/main/AndroidManifest.xml:44:9-43
50        android:icon="@mipmap/ic_launcher"
50-->src/main/AndroidManifest.xml:45:9-43
51        android:label="@string/app_name"
51-->src/main/AndroidManifest.xml:46:9-41
52        android:networkSecurityConfig="@xml/network_security_config"
52-->src/main/AndroidManifest.xml:47:9-69
53        android:roundIcon="@mipmap/ic_launcher"
53-->src/main/AndroidManifest.xml:48:9-48
54        android:supportsRtl="true"
54-->src/main/AndroidManifest.xml:49:9-35
55        android:theme="@style/Theme.Owntracks" >
55-->src/main/AndroidManifest.xml:50:9-47
56
57        <!-- Disables default initialization of WorkManager because custom initializer is used in App.onCreate() -->
58        <provider
59            android:name="androidx.work.impl.WorkManagerInitializer"
59-->src/main/AndroidManifest.xml:56:13-69
60            android:authorities="org.owntracks.android.debug.workmanager-init"
60-->src/main/AndroidManifest.xml:57:13-68
61            android:directBootAware="false"
61-->[androidx.work:work-runtime:2.5.0] AndroidManifest.xml:34:13-44
62            android:enabled="false"
62-->src/main/AndroidManifest.xml:58:13-36
63            android:exported="false"
63-->src/main/AndroidManifest.xml:59:13-37
64            android:multiprocess="true" />
64-->[androidx.work:work-runtime:2.5.0] AndroidManifest.xml:36:13-40
65
66        <!-- Maps SDK requires this as of API v28 -->
67        <uses-library
67-->src/main/AndroidManifest.xml:63:9-65:40
68            android:name="org.apache.http.legacy"
68-->src/main/AndroidManifest.xml:64:13-50
69            android:required="false" />
69-->src/main/AndroidManifest.xml:65:13-37
70
71        <meta-data
71-->src/main/AndroidManifest.xml:67:9-69:59
72            android:name="com.google.android.geo.API_KEY"
72-->src/main/AndroidManifest.xml:68:13-58
73            android:value="@string/GOOGLE_MAPS_API_KEY" />
73-->src/main/AndroidManifest.xml:69:13-56
74        <meta-data
74-->src/main/AndroidManifest.xml:71:9-73:51
75            android:name="android.support.PARENT_ACTIVITY"
75-->src/main/AndroidManifest.xml:72:13-59
76            android:value=".ui.map.MapActivity" />
76-->src/main/AndroidManifest.xml:73:13-48
77        <meta-data
77-->src/main/AndroidManifest.xml:75:9-77:36
78            android:name="firebase_analytics_collection_deactivated"
78-->src/main/AndroidManifest.xml:76:13-69
79            android:value="true" />
79-->src/main/AndroidManifest.xml:77:13-33
80
81        <activity
81-->src/main/AndroidManifest.xml:79:9-82:46
82            android:name="org.owntracks.android.ui.regions.RegionsActivity"
82-->src/main/AndroidManifest.xml:80:13-55
83            android:label="@string/title_activity_regions"
83-->src/main/AndroidManifest.xml:81:13-59
84            android:launchMode="singleTop" />
84-->src/main/AndroidManifest.xml:82:13-43
85        <activity
85-->src/main/AndroidManifest.xml:83:9-90:20
86            android:name="org.owntracks.android.ui.region.RegionActivity"
86-->src/main/AndroidManifest.xml:84:13-53
87            android:label="@string/title_activity_region"
87-->src/main/AndroidManifest.xml:85:13-58
88            android:launchMode="singleTop" >
88-->src/main/AndroidManifest.xml:86:13-43
89            <meta-data
89-->src/main/AndroidManifest.xml:71:9-73:51
90                android:name="android.support.PARENT_ACTIVITY"
90-->src/main/AndroidManifest.xml:72:13-59
91                android:value=".ui.regions.RegionsActivity" />
91-->src/main/AndroidManifest.xml:73:13-48
92        </activity>
93        <activity
93-->src/main/AndroidManifest.xml:91:9-95:64
94            android:name="org.owntracks.android.ui.preferences.PreferencesActivity"
94-->src/main/AndroidManifest.xml:92:13-63
95            android:hardwareAccelerated="true"
95-->src/main/AndroidManifest.xml:93:13-47
96            android:label="@string/title_activity_preferences"
96-->src/main/AndroidManifest.xml:94:13-63
97            android:parentActivityName="org.owntracks.android.ui.map.MapActivity" />
97-->src/main/AndroidManifest.xml:95:13-61
98        <activity
98-->src/main/AndroidManifest.xml:97:9-105:20
99            android:name="org.owntracks.android.ui.preferences.editor.EditorActivity"
99-->src/main/AndroidManifest.xml:98:13-65
100            android:configChanges="orientation"
100-->src/main/AndroidManifest.xml:99:13-48
101            android:label="@string/configurationManagement"
101-->src/main/AndroidManifest.xml:100:13-60
102            android:parentActivityName="org.owntracks.android.ui.preferences.PreferencesActivity" >
102-->src/main/AndroidManifest.xml:101:13-77
103            <meta-data
103-->src/main/AndroidManifest.xml:71:9-73:51
104                android:name="android.support.PARENT_ACTIVITY"
104-->src/main/AndroidManifest.xml:72:13-59
105                android:value=".ui.preferences.PreferencesActivity" />
105-->src/main/AndroidManifest.xml:73:13-48
106        </activity>
107        <activity
107-->src/main/AndroidManifest.xml:107:9-166:20
108            android:name="org.owntracks.android.ui.preferences.load.LoadActivity"
108-->src/main/AndroidManifest.xml:108:13-61
109            android:configChanges="orientation"
109-->src/main/AndroidManifest.xml:109:13-48
110            android:label="@string/app_name"
110-->src/main/AndroidManifest.xml:110:13-45
111            android:launchMode="singleTask" >
111-->src/main/AndroidManifest.xml:111:13-44
112
113            <!-- Support two dots in file name: -->
114            <intent-filter>
114-->src/main/AndroidManifest.xml:114:13-122:29
115                <action android:name="android.intent.action.VIEW" />
115-->src/main/AndroidManifest.xml:115:17-69
115-->src/main/AndroidManifest.xml:115:25-66
116
117                <category android:name="android.intent.category.DEFAULT" />
117-->src/main/AndroidManifest.xml:116:17-76
117-->src/main/AndroidManifest.xml:116:27-73
118
119                <data
119-->src/main/AndroidManifest.xml:117:17-121:48
120                    android:host="*"
120-->src/main/AndroidManifest.xml:118:21-37
121                    android:mimeType="*/*"
121-->src/main/AndroidManifest.xml:119:21-43
122                    android:pathPattern=".*\\..*\\.otrc"
122-->src/main/AndroidManifest.xml:120:21-57
123                    android:scheme="content" />
123-->src/main/AndroidManifest.xml:121:21-45
124            </intent-filter>
125
126            <!-- Support three dots in file name: -->
127            <intent-filter>
127-->src/main/AndroidManifest.xml:125:13-133:29
128                <action android:name="android.intent.action.VIEW" />
128-->src/main/AndroidManifest.xml:115:17-69
128-->src/main/AndroidManifest.xml:115:25-66
129
130                <category android:name="android.intent.category.DEFAULT" />
130-->src/main/AndroidManifest.xml:116:17-76
130-->src/main/AndroidManifest.xml:116:27-73
131
132                <data
132-->src/main/AndroidManifest.xml:117:17-121:48
133                    android:host="*"
133-->src/main/AndroidManifest.xml:118:21-37
134                    android:mimeType="*/*"
134-->src/main/AndroidManifest.xml:119:21-43
135                    android:pathPattern=".*\\..*\\..*\\.otrc"
135-->src/main/AndroidManifest.xml:120:21-57
136                    android:scheme="content" />
136-->src/main/AndroidManifest.xml:121:21-45
137            </intent-filter>
138            <intent-filter>
138-->src/main/AndroidManifest.xml:134:13-145:29
139                <action android:name="android.intent.action.VIEW" />
139-->src/main/AndroidManifest.xml:115:17-69
139-->src/main/AndroidManifest.xml:115:25-66
140
141                <category android:name="android.intent.category.DEFAULT" />
141-->src/main/AndroidManifest.xml:116:17-76
141-->src/main/AndroidManifest.xml:116:27-73
142                <category android:name="android.intent.category.BROWSABLE" />
142-->src/main/AndroidManifest.xml:138:17-78
142-->src/main/AndroidManifest.xml:138:27-75
143
144                <data
144-->src/main/AndroidManifest.xml:117:17-121:48
145                    android:host=""
145-->src/main/AndroidManifest.xml:118:21-37
146                    android:path="/config"
146-->src/main/AndroidManifest.xml:142:21-43
147                    android:scheme="owntracks" />
147-->src/main/AndroidManifest.xml:121:21-45
148            </intent-filter>
149            <intent-filter>
149-->src/main/AndroidManifest.xml:146:13-150:29
150                <action android:name="android.intent.action.VIEW" />
150-->src/main/AndroidManifest.xml:115:17-69
150-->src/main/AndroidManifest.xml:115:25-66
151
152                <category android:name="android.intent.category.DEFAULT" />
152-->src/main/AndroidManifest.xml:116:17-76
152-->src/main/AndroidManifest.xml:116:27-73
153
154                <data android:mimeType="text/plain" />
154-->src/main/AndroidManifest.xml:117:17-121:48
154-->src/main/AndroidManifest.xml:119:21-43
155            </intent-filter>
156            <intent-filter>
156-->src/main/AndroidManifest.xml:151:13-155:29
157                <action android:name="android.intent.action.VIEW" />
157-->src/main/AndroidManifest.xml:115:17-69
157-->src/main/AndroidManifest.xml:115:25-66
158
159                <category android:name="android.intent.category.DEFAULT" />
159-->src/main/AndroidManifest.xml:116:17-76
159-->src/main/AndroidManifest.xml:116:27-73
160
161                <data android:mimeType="application/json" />
161-->src/main/AndroidManifest.xml:117:17-121:48
161-->src/main/AndroidManifest.xml:119:21-43
162            </intent-filter>
163            <intent-filter>
163-->src/main/AndroidManifest.xml:156:13-160:29
164                <action android:name="android.intent.action.VIEW" />
164-->src/main/AndroidManifest.xml:115:17-69
164-->src/main/AndroidManifest.xml:115:25-66
165
166                <category android:name="android.intent.category.DEFAULT" />
166-->src/main/AndroidManifest.xml:116:17-76
166-->src/main/AndroidManifest.xml:116:27-73
167
168                <data android:mimeType="application/otrc" />
168-->src/main/AndroidManifest.xml:117:17-121:48
168-->src/main/AndroidManifest.xml:119:21-43
169            </intent-filter>
170            <intent-filter>
170-->src/main/AndroidManifest.xml:161:13-165:29
171                <action android:name="android.intent.action.VIEW" />
171-->src/main/AndroidManifest.xml:115:17-69
171-->src/main/AndroidManifest.xml:115:25-66
172
173                <category android:name="android.intent.category.DEFAULT" />
173-->src/main/AndroidManifest.xml:116:17-76
173-->src/main/AndroidManifest.xml:116:27-73
174
175                <data android:mimeType="application/octet-stream" />
175-->src/main/AndroidManifest.xml:117:17-121:48
175-->src/main/AndroidManifest.xml:119:21-43
176            </intent-filter>
177        </activity>
178
179        <provider
179-->src/main/AndroidManifest.xml:168:9-176:20
180            android:name="androidx.core.content.FileProvider"
180-->src/main/AndroidManifest.xml:169:13-62
181            android:authorities="org.owntracks.android.fileprovider"
181-->src/main/AndroidManifest.xml:170:13-69
182            android:exported="false"
182-->src/main/AndroidManifest.xml:171:13-37
183            android:grantUriPermissions="true" >
183-->src/main/AndroidManifest.xml:172:13-47
184            <meta-data
184-->src/main/AndroidManifest.xml:173:13-175:53
185                android:name="android.support.FILE_PROVIDER_PATHS"
185-->src/main/AndroidManifest.xml:174:17-67
186                android:resource="@xml/filepaths" />
186-->src/main/AndroidManifest.xml:175:17-50
187        </provider>
188
189        <service
189-->src/main/AndroidManifest.xml:178:9-192:19
190            android:name="org.owntracks.android.services.BackgroundService"
190-->src/main/AndroidManifest.xml:179:13-55
191            android:enabled="true"
191-->src/main/AndroidManifest.xml:180:13-35
192            android:exported="true"
192-->src/main/AndroidManifest.xml:181:13-36
193            android:foregroundServiceType="location" >
193-->src/main/AndroidManifest.xml:182:13-53
194            <intent-filter>
194-->src/main/AndroidManifest.xml:185:13-191:29
195                <action android:name="org.owntracks.android.CLEAR_NOTIFICATIONS" /> <!-- INTENT_ACTION_CLEAR_NOTIFICATIONS -->
195-->src/main/AndroidManifest.xml:186:17-84
195-->src/main/AndroidManifest.xml:186:25-81
196                <action android:name="org.owntracks.android.SEND_LOCATION_USER" /> <!-- INTENT_ACTION_SEND_LOCATION_PING -->
196-->src/main/AndroidManifest.xml:187:17-83
196-->src/main/AndroidManifest.xml:187:25-80
197                <action android:name="org.owntracks.android.SEND_EVENT_CIRCULAR" /> <!-- INTENT_ACTION_SEND_WAYPOINTS -->
197-->src/main/AndroidManifest.xml:188:17-84
197-->src/main/AndroidManifest.xml:188:25-81
198                <action android:name="org.owntracks.android.REREQUEST_LOCATION_UPDATES" /> <!-- REREQUEST_LOCATION_UPDATES -->
198-->src/main/AndroidManifest.xml:189:17-91
198-->src/main/AndroidManifest.xml:189:25-88
199                <action android:name="org.owntracks.android.CHANGE_MONITORING" /> <!-- INTENT_ACTION_CHANGE_MONITORING -->
199-->src/main/AndroidManifest.xml:190:17-82
199-->src/main/AndroidManifest.xml:190:25-79
200            </intent-filter>
201        </service>
202
203        <receiver
203-->src/main/AndroidManifest.xml:194:9-204:20
204            android:name="org.owntracks.android.support.receiver.StartBackgroundServiceReceiver"
204-->src/main/AndroidManifest.xml:195:13-76
205            android:enabled="true"
205-->src/main/AndroidManifest.xml:196:13-35
206            android:exported="true" >
206-->src/main/AndroidManifest.xml:197:13-36
207            <intent-filter>
207-->src/main/AndroidManifest.xml:198:13-200:29
208                <action android:name="android.intent.action.BOOT_COMPLETED" />
208-->src/main/AndroidManifest.xml:199:17-79
208-->src/main/AndroidManifest.xml:199:25-76
209            </intent-filter>
210            <intent-filter>
210-->src/main/AndroidManifest.xml:201:13-203:29
211                <action android:name="android.intent.action.MY_PACKAGE_REPLACED" />
211-->src/main/AndroidManifest.xml:202:17-84
211-->src/main/AndroidManifest.xml:202:25-81
212            </intent-filter>
213        </receiver>
214
215        <activity
215-->src/main/AndroidManifest.xml:206:9-215:20
216            android:name="org.owntracks.android.ui.status.StatusActivity"
216-->src/main/AndroidManifest.xml:207:13-53
217            android:exported="true"
217-->src/main/AndroidManifest.xml:208:13-36
218            android:label="@string/title_activity_status"
218-->src/main/AndroidManifest.xml:209:13-58
219            android:launchMode="singleTop"
219-->src/main/AndroidManifest.xml:210:13-43
220            android:parentActivityName="org.owntracks.android.ui.map.MapActivity" >
220-->src/main/AndroidManifest.xml:211:13-61
221            <meta-data
221-->src/main/AndroidManifest.xml:71:9-73:51
222                android:name="android.support.PARENT_ACTIVITY"
222-->src/main/AndroidManifest.xml:72:13-59
223                android:value=".ui.map.MapActivity" />
223-->src/main/AndroidManifest.xml:73:13-48
224        </activity>
225        <activity
225-->src/main/AndroidManifest.xml:216:9-220:47
226            android:name="org.owntracks.android.ui.contacts.ContactsActivity"
226-->src/main/AndroidManifest.xml:217:13-57
227            android:clearTaskOnLaunch="true"
227-->src/main/AndroidManifest.xml:218:13-45
228            android:label="@string/title_activity_contacts"
228-->src/main/AndroidManifest.xml:219:13-60
229            android:launchMode="singleTask" />
229-->src/main/AndroidManifest.xml:220:13-44
230        <activity
230-->src/main/AndroidManifest.xml:221:9-231:20
231            android:name="org.owntracks.android.ui.map.MapActivity"
231-->src/main/AndroidManifest.xml:222:13-47
232            android:clearTaskOnLaunch="true"
232-->src/main/AndroidManifest.xml:223:13-45
233            android:label="@string/app_name"
233-->src/main/AndroidManifest.xml:224:13-45
234            android:launchMode="singleTask" >
234-->src/main/AndroidManifest.xml:225:13-44
235            <intent-filter>
235-->src/main/AndroidManifest.xml:226:13-229:29
236                <action android:name="android.intent.action.MAIN" />
236-->src/main/AndroidManifest.xml:227:17-69
236-->src/main/AndroidManifest.xml:227:25-66
237
238                <category android:name="android.intent.category.LAUNCHER" />
238-->src/main/AndroidManifest.xml:228:17-77
238-->src/main/AndroidManifest.xml:228:27-74
239            </intent-filter>
240        </activity>
241        <activity
241-->src/main/AndroidManifest.xml:234:9-238:47
242            android:name="org.owntracks.android.ui.preferences.connection.ConnectionActivity"
242-->src/main/AndroidManifest.xml:235:13-73
243            android:clearTaskOnLaunch="true"
243-->src/main/AndroidManifest.xml:236:13-45
244            android:label="@string/preferencesServer"
244-->src/main/AndroidManifest.xml:237:13-54
245            android:launchMode="singleTask" />
245-->src/main/AndroidManifest.xml:238:13-44
246        <activity
246-->src/main/AndroidManifest.xml:240:9-244:47
247            android:name="org.owntracks.android.ui.status.LogViewerActivity"
247-->src/main/AndroidManifest.xml:241:13-56
248            android:clearTaskOnLaunch="true"
248-->src/main/AndroidManifest.xml:242:13-45
249            android:label="@string/logViewerActivityTitle"
249-->src/main/AndroidManifest.xml:243:13-59
250            android:launchMode="singleTask" />
250-->src/main/AndroidManifest.xml:244:13-44
251        <activity
251-->src/main/AndroidManifest.xml:246:9-251:55
252            android:name="org.owntracks.android.ui.welcome.WelcomeActivity"
252-->src/main/AndroidManifest.xml:247:13-55
253            android:configChanges="orientation|keyboardHidden"
253-->src/main/AndroidManifest.xml:248:13-63
254            android:label="@string/app_name"
254-->src/main/AndroidManifest.xml:249:13-45
255            android:launchMode="singleTask"
255-->src/main/AndroidManifest.xml:250:13-44
256            android:screenOrientation="unspecified" />
256-->src/main/AndroidManifest.xml:251:13-52
257
258        <provider
259            android:name="org.owntracks.android.ui.status.LogViewerActivity$ExportedLogContentProvider"
259-->src/main/AndroidManifest.xml:254:13-83
260            android:authorities="org.owntracks.android.debug.log"
260-->src/main/AndroidManifest.xml:255:13-55
261            android:exported="false"
261-->src/main/AndroidManifest.xml:256:13-37
262            android:grantUriPermissions="true" />
262-->src/main/AndroidManifest.xml:257:13-47
263
264        <service
264-->[androidx.work:work-runtime:2.5.0] AndroidManifest.xml:39:9-44:35
265            android:name="androidx.work.impl.background.systemalarm.SystemAlarmService"
265-->[androidx.work:work-runtime:2.5.0] AndroidManifest.xml:40:13-88
266            android:directBootAware="false"
266-->[androidx.work:work-runtime:2.5.0] AndroidManifest.xml:41:13-44
267            android:enabled="@bool/enable_system_alarm_service_default"
267-->[androidx.work:work-runtime:2.5.0] AndroidManifest.xml:42:13-72
268            android:exported="false" />
268-->[androidx.work:work-runtime:2.5.0] AndroidManifest.xml:43:13-37
269        <service
269-->[androidx.work:work-runtime:2.5.0] AndroidManifest.xml:45:9-51:35
270            android:name="androidx.work.impl.background.systemjob.SystemJobService"
270-->[androidx.work:work-runtime:2.5.0] AndroidManifest.xml:46:13-84
271            android:directBootAware="false"
271-->[androidx.work:work-runtime:2.5.0] AndroidManifest.xml:47:13-44
272            android:enabled="@bool/enable_system_job_service_default"
272-->[androidx.work:work-runtime:2.5.0] AndroidManifest.xml:48:13-70
273            android:exported="true"
273-->[androidx.work:work-runtime:2.5.0] AndroidManifest.xml:49:13-36
274            android:permission="android.permission.BIND_JOB_SERVICE" />
274-->[androidx.work:work-runtime:2.5.0] AndroidManifest.xml:50:13-69
275        <service
275-->[androidx.work:work-runtime:2.5.0] AndroidManifest.xml:52:9-57:35
276            android:name="androidx.work.impl.foreground.SystemForegroundService"
276-->[androidx.work:work-runtime:2.5.0] AndroidManifest.xml:53:13-81
277            android:directBootAware="false"
277-->[androidx.work:work-runtime:2.5.0] AndroidManifest.xml:54:13-44
278            android:enabled="@bool/enable_system_foreground_service_default"
278-->[androidx.work:work-runtime:2.5.0] AndroidManifest.xml:55:13-77
279            android:exported="false" />
279-->[androidx.work:work-runtime:2.5.0] AndroidManifest.xml:56:13-37
280
281        <receiver
281-->[androidx.work:work-runtime:2.5.0] AndroidManifest.xml:59:9-64:35
282            android:name="androidx.work.impl.utils.ForceStopRunnable$BroadcastReceiver"
282-->[androidx.work:work-runtime:2.5.0] AndroidManifest.xml:60:13-88
283            android:directBootAware="false"
283-->[androidx.work:work-runtime:2.5.0] AndroidManifest.xml:61:13-44
284            android:enabled="true"
284-->[androidx.work:work-runtime:2.5.0] AndroidManifest.xml:62:13-35
285            android:exported="false" />
285-->[androidx.work:work-runtime:2.5.0] AndroidManifest.xml:63:13-37
286        <receiver
286-->[androidx.work:work-runtime:2.5.0] AndroidManifest.xml:65:9-75:20
287            android:name="androidx.work.impl.background.systemalarm.ConstraintProxy$BatteryChargingProxy"
287-->[androidx.work:work-runtime:2.5.0] AndroidManifest.xml:66:13-106
288            android:directBootAware="false"
288-->[androidx.work:work-runtime:2.5.0] AndroidManifest.xml:67:13-44
289            android:enabled="false"
289-->[androidx.work:work-runtime:2.5.0] AndroidManifest.xml:68:13-36
290            android:exported="false" >
290-->[androidx.work:work-runtime:2.5.0] AndroidManifest.xml:69:13-37
291            <intent-filter>
291-->[androidx.work:work-runtime:2.5.0] AndroidManifest.xml:71:13-74:29
292                <action android:name="android.intent.action.ACTION_POWER_CONNECTED" />
292-->[androidx.work:work-runtime:2.5.0] AndroidManifest.xml:72:17-87
292-->[androidx.work:work-runtime:2.5.0] AndroidManifest.xml:72:25-84
293                <action android:name="android.intent.action.ACTION_POWER_DISCONNECTED" />
293-->[androidx.work:work-runtime:2.5.0] AndroidManifest.xml:73:17-90
293-->[androidx.work:work-runtime:2.5.0] AndroidManifest.xml:73:25-87
294            </intent-filter>
295        </receiver>
296        <receiver
296-->[androidx.work:work-runtime:2.5.0] AndroidManifest.xml:76:9-86:20
297            android:name="androidx.work.impl.background.systemalarm.ConstraintProxy$BatteryNotLowProxy"
297-->[androidx.work:work-runtime:2.5.0] AndroidManifest.xml:77:13-104
298            android:directBootAware="false"
298-->[androidx.work:work-runtime:2.5.0] AndroidManifest.xml:78:13-44
299            android:enabled="false"
299-->[androidx.work:work-runtime:2.5.0] AndroidManifest.xml:79:13-36
300            android:exported="false" >
300-->[androidx.work:work-runtime:2.5.0] AndroidManifest.xml:80:13-37
301            <intent-filter>
301-->[androidx.work:work-runtime:2.5.0] AndroidManifest.xml:82:13-85:29
302                <action android:name="android.intent.action.BATTERY_OKAY" />
302-->[androidx.work:work-runtime:2.5.0] AndroidManifest.xml:83:17-77
302-->[androidx.work:work-runtime:2.5.0] AndroidManifest.xml:83:25-74
303                <action android:name="android.intent.action.BATTERY_LOW" />
303-->[androidx.work:work-runtime:2.5.0] AndroidManifest.xml:84:17-76
303-->[androidx.work:work-runtime:2.5.0] AndroidManifest.xml:84:25-73
304            </intent-filter>
305        </receiver>
306        <receiver
306-->[androidx.work:work-runtime:2.5.0] AndroidManifest.xml:87:9-97:20
307            android:name="androidx.work.impl.background.systemalarm.ConstraintProxy$StorageNotLowProxy"
307-->[androidx.work:work-runtime:2.5.0] AndroidManifest.xml:88:13-104
308            android:directBootAware="false"
308-->[androidx.work:work-runtime:2.5.0] AndroidManifest.xml:89:13-44
309            android:enabled="false"
309-->[androidx.work:work-runtime:2.5.0] AndroidManifest.xml:90:13-36
310            android:exported="false" >
310-->[androidx.work:work-runtime:2.5.0] AndroidManifest.xml:91:13-37
311            <intent-filter>
311-->[androidx.work:work-runtime:2.5.0] AndroidManifest.xml:93:13-96:29
312                <action android:name="android.intent.action.DEVICE_STORAGE_LOW" />
312-->[androidx.work:work-runtime:2.5.0] AndroidManifest.xml:94:17-83
312-->[androidx.work:work-runtime:2.5.0] AndroidManifest.xml:94:25-80
313                <action android:name="android.intent.action.DEVICE_STORAGE_OK" />
313-->[androidx.work:work-runtime:2.5.0] AndroidManifest.xml:95:17-82
313-->[androidx.work:work-runtime:2.5.0] AndroidManifest.xml:95:25-79
314            </intent-filter>
315        </receiver>
316        <receiver
316-->[androidx.work:work-runtime:2.5.0] AndroidManifest.xml:98:9-107:20
317            android:name="androidx.work.impl.background.systemalarm.ConstraintProxy$NetworkStateProxy"
317-->[androidx.work:work-runtime:2.5.0] AndroidManifest.xml:99:13-103
318            android:directBootAware="false"
318-->[androidx.work:work-runtime:2.5.0] AndroidManifest.xml:100:13-44
319            android:enabled="false"
319-->[androidx.work:work-runtime:2.5.0] AndroidManifest.xml:101:13-36
320            android:exported="false" >
320-->[androidx.work:work-runtime:2.5.0] AndroidManifest.xml:102:13-37
321            <intent-filter>
321-->[androidx.work:work-runtime:2.5.0] AndroidManifest.xml:104:13-106:29
322                <action android:name="android.net.conn.CONNECTIVITY_CHANGE" />
322-->[androidx.work:work-runtime:2.5.0] AndroidManifest.xml:105:17-79
322-->[androidx.work:work-runtime:2.5.0] AndroidManifest.xml:105:25-76
323            </intent-filter>
324        </receiver>
325        <receiver
325-->[androidx.work:work-runtime:2.5.0] AndroidManifest.xml:108:9-119:20
326            android:name="androidx.work.impl.background.systemalarm.RescheduleReceiver"